<?xml version="1.0" encoding="UTF-8"?>
<coverage generated="1733632658489" clover="3.2.0">
  <project timestamp="1733632658489" name="All files">
    <metrics statements="15" coveredstatements="15" conditionals="11" coveredconditionals="10" methods="3" coveredmethods="3" elements="29" coveredelements="28" complexity="0" loc="15" ncloc="15" packages="3" files="3" classes="3"/>
    <package name="src">
      <metrics statements="2" coveredstatements="2" conditionals="0" coveredconditionals="0" methods="0" coveredmethods="0"/>
      <file name="config.js" path="C:\Users\Blackjac7\Documents\code\AIDA Bot DC\src\config.js">
        <metrics statements="2" coveredstatements="2" conditionals="0" coveredconditionals="0" methods="0" coveredmethods="0"/>
        <line num="2" count="1" type="stmt"/>
        <line num="4" count="1" type="stmt"/>
      </file>
    </package>
    <package name="src.services">
      <metrics statements="6" coveredstatements="6" conditionals="2" coveredconditionals="2" methods="1" coveredmethods="1"/>
      <file name="grokService.js" path="C:\Users\Blackjac7\Documents\code\AIDA Bot DC\src\services\grokService.js">
        <metrics statements="6" coveredstatements="6" conditionals="2" coveredconditionals="2" methods="1" coveredmethods="1"/>
        <line num="4" count="1" type="stmt"/>
        <line num="10" count="3" type="stmt"/>
        <line num="11" count="3" type="stmt"/>
        <line num="22" count="2" type="cond" truecount="2" falsecount="0"/>
        <line num="24" count="1" type="stmt"/>
        <line num="25" count="1" type="stmt"/>
      </file>
    </package>
    <package name="src.utils">
      <metrics statements="7" coveredstatements="7" conditionals="9" coveredconditionals="8" methods="2" coveredmethods="2"/>
      <file name="messageHandler.js" path="C:\Users\Blackjac7\Documents\code\AIDA Bot DC\src\utils\messageHandler.js">
        <metrics statements="7" coveredstatements="7" conditionals="9" coveredconditionals="8" methods="2" coveredmethods="2"/>
        <line num="2" count="5" type="stmt"/>
        <line num="3" count="5" type="cond" truecount="2" falsecount="0"/>
        <line num="8" count="7" type="cond" truecount="2" falsecount="0"/>
        <line num="9" count="3" type="stmt"/>
        <line num="10" count="3" type="cond" truecount="2" falsecount="0"/>
        <line num="14" count="4" type="stmt"/>
        <line num="15" count="4" type="cond" truecount="2" falsecount="0"/>
      </file>
    </package>
  </project>
</coverage>
