{"C:\\Users\\Blackjac7\\Documents\\code\\AIDA Bot DC\\src\\config.js": {"path":"C:\\Users\\Blackjac7\\Documents\\code\\AIDA Bot DC\\src\\config.js","statementMap":{"0":{"start":{"line":2,"column":0},"end":{"line":2,"column":16}},"1":{"start":{"line":4,"column":22},"end":{"line":22,"column":1}}},"fnMap":{},"branchMap":{},"s":{"0":1,"1":1},"f":{},"b":{},"_coverageSchema":"1a1c01bbd47fc00a2c39e90264f33305004495a9","hash":"2100784aa1c6630293164f88408aa8eb50ed051f"}
,"C:\\Users\\Blackjac7\\Documents\\code\\AIDA Bot DC\\src\\services\\grokService.js": {"path":"C:\\Users\\Blackjac7\\Documents\\code\\AIDA Bot DC\\src\\services\\grokService.js","statementMap":{"0":{"start":{"line":4,"column":15},"end":{"line":7,"column":2}},"1":{"start":{"line":10,"column":2},"end":{"line":26,"column":3}},"2":{"start":{"line":11,"column":23},"end":{"line":21,"column":6}},"3":{"start":{"line":22,"column":4},"end":{"line":22,"column":79}},"4":{"start":{"line":24,"column":4},"end":{"line":24,"column":44}},"5":{"start":{"line":25,"column":4},"end":{"line":25,"column":52}}},"fnMap":{"0":{"name":"generateResponse","decl":{"start":{"line":9,"column":22},"end":{"line":9,"column":38}},"loc":{"start":{"line":9,"column":47},"end":{"line":27,"column":1}},"line":9}},"branchMap":{"0":{"loc":{"start":{"line":22,"column":11},"end":{"line":22,"column":78}},"type":"binary-expr","locations":[{"start":{"line":22,"column":11},"end":{"line":22,"column":50}},{"start":{"line":22,"column":54},"end":{"line":22,"column":78}}],"line":22}},"s":{"0":1,"1":3,"2":3,"3":2,"4":1,"5":1},"f":{"0":3},"b":{"0":[2,1]},"_coverageSchema":"1a1c01bbd47fc00a2c39e90264f33305004495a9","hash":"7f38615d006c725145fa315be37b255dc27ea76e"}
,"C:\\Users\\Blackjac7\\Documents\\code\\AIDA Bot DC\\src\\utils\\messageHandler.js": {"path":"C:\\Users\\Blackjac7\\Documents\\code\\AIDA Bot DC\\src\\utils\\messageHandler.js","statementMap":{"0":{"start":{"line":2,"column":16},"end":{"line":2,"column":52}},"1":{"start":{"line":3,"column":2},"end":{"line":3,"column":36}},"2":{"start":{"line":8,"column":2},"end":{"line":11,"column":3}},"3":{"start":{"line":9,"column":21},"end":{"line":9,"column":60}},"4":{"start":{"line":10,"column":4},"end":{"line":10,"column":26}},"5":{"start":{"line":14,"column":19},"end":{"line":14,"column":54}},"6":{"start":{"line":15,"column":2},"end":{"line":15,"column":24}}},"fnMap":{"0":{"name":"splitMessage","decl":{"start":{"line":1,"column":16},"end":{"line":1,"column":28}},"loc":{"start":{"line":1,"column":56},"end":{"line":4,"column":1}},"line":1},"1":{"name":"extractQuestion","decl":{"start":{"line":6,"column":16},"end":{"line":6,"column":31}},"loc":{"start":{"line":6,"column":49},"end":{"line":16,"column":1}},"line":6}},"branchMap":{"0":{"loc":{"start":{"line":1,"column":38},"end":{"line":1,"column":54}},"type":"default-arg","locations":[{"start":{"line":1,"column":50},"end":{"line":1,"column":54}}],"line":1},"1":{"loc":{"start":{"line":3,"column":9},"end":{"line":3,"column":35}},"type":"binary-expr","locations":[{"start":{"line":3,"column":9},"end":{"line":3,"column":29}},{"start":{"line":3,"column":33},"end":{"line":3,"column":35}}],"line":3},"2":{"loc":{"start":{"line":8,"column":2},"end":{"line":11,"column":3}},"type":"if","locations":[{"start":{"line":8,"column":2},"end":{"line":11,"column":3}},{"start":{},"end":{}}],"line":8},"3":{"loc":{"start":{"line":10,"column":11},"end":{"line":10,"column":25}},"type":"binary-expr","locations":[{"start":{"line":10,"column":11},"end":{"line":10,"column":19}},{"start":{"line":10,"column":23},"end":{"line":10,"column":25}}],"line":10},"4":{"loc":{"start":{"line":15,"column":9},"end":{"line":15,"column":23}},"type":"binary-expr","locations":[{"start":{"line":15,"column":9},"end":{"line":15,"column":17}},{"start":{"line":15,"column":21},"end":{"line":15,"column":23}}],"line":15}},"s":{"0":5,"1":5,"2":7,"3":3,"4":3,"5":4,"6":4},"f":{"0":5,"1":7},"b":{"0":[0],"1":[5,1],"2":[3,4],"3":[3,1],"4":[4,2]},"_coverageSchema":"1a1c01bbd47fc00a2c39e90264f33305004495a9","hash":"5bc453d219f77113fc1f5215dc31867e79b96f9c"}
}
