TN:
SF:src\config.js
FNF:0
FNH:0
DA:2,1
DA:4,1
LF:2
LH:2
BRF:0
BRH:0
end_of_record
TN:
SF:src\services\grokService.js
FN:9,generateResponse
FNF:1
FNH:1
FNDA:3,generateResponse
DA:4,1
DA:10,3
DA:11,3
DA:22,2
DA:24,1
DA:25,1
LF:6
LH:6
BRDA:22,0,0,2
BRDA:22,0,1,1
BRF:2
BRH:2
end_of_record
TN:
SF:src\utils\messageHandler.js
FN:1,splitMessage
FN:6,extractQuestion
FNF:2
FNH:2
FNDA:5,splitMessage
FNDA:7,extractQuestion
DA:2,5
DA:3,5
DA:8,7
DA:9,3
DA:10,3
DA:14,4
DA:15,4
LF:7
LH:7
BRDA:1,0,0,0
BRDA:3,1,0,5
BRDA:3,1,1,1
BRDA:8,2,0,3
BRDA:8,2,1,4
BRDA:10,3,0,3
BRDA:10,3,1,1
BRDA:15,4,0,4
BRDA:15,4,1,2
BRF:9
BRH:8
end_of_record
